<?xml version="1.0" encoding="UTF-8"?>
<testsuite xmlns:xsi="http://www.w3.org/2001/XMLSchema-instance" xsi:noNamespaceSchemaLocation="https://maven.apache.org/surefire/maven-surefire-plugin/xsd/surefire-test-report.xsd" version="3.0.2" name="com.example.swagger_customer.SwaggerCustomerApplicationTests" time="7.349" tests="1" errors="0" skipped="0" failures="0">
  <properties>
[...]
</properties>
  <testcase name="contextLoads" classname="com.example.swagger_customer.SwaggerCustomerApplicationTests" time="1.18">
    <system-out><![CDATA[14:47:14.148 [main] INFO org.springframework.test.context.support.AnnotationConfigContextLoaderUtils -- Could not detect default configuration classes for test class [com.example.swagger_customer.SwaggerCustomerApplicationTests]: SwaggerCustomerApplicationTests does not declare any static, non-private, non-final, nested classes annotated with @Configuration.
14:47:14.847 [main] INFO org.springframework.boot.test.context.SpringBootTestContextBootstrapper -- Found @SpringBootConfiguration com.example.swagger_customer.SwaggerCustomerApplication for test class com.example.swagger_customer.SwaggerCustomerApplicationTests
14:47:15.278 [main] INFO org.springframework.boot.devtools.restart.RestartApplicationListener -- Restart disabled due to context in which it is running

  .   ____          _            __ _ _
 /\\ / ___'_ __ _ _(_)_ __  __ _ \ \ \ \
( ( )\___ | '_ | '_| | '_ \/ _` | \ \ \ \
 \\/  ___)| |_)| | | | | || (_| |  ) ) ) )
  '  |____| .__|_| |_|_| |_\__, | / / / /
 =========|_|==============|___/=/_/_/_/

 :: Spring Boot ::                (v3.5.3)

2025-07-04T14:47:15.849+03:00  INFO 1992 --- [swagger-customer] [           main] c.e.s.SwaggerCustomerApplicationTests    : Starting SwaggerCustomerApplicationTests using Java 21.0.7 with PID 1992 (started by BEGOVİĈ in C:\Users\EMREBAYRAKTAR\Desktop\i2iSystems\swagger-customer)
2025-07-04T14:47:15.852+03:00  INFO 1992 --- [swagger-customer] [           main] c.e.s.SwaggerCustomerApplicationTests    : No active profile set, falling back to 1 default profile: "default"
2025-07-04T14:47:19.695+03:00  INFO 1992 --- [swagger-customer] [           main] c.e.s.SwaggerCustomerApplicationTests    : Started SwaggerCustomerApplicationTests in 4.44 seconds (process running for 7.123)
]]></system-out>
    <system-err><![CDATA[Mockito is currently self-attaching to enable the inline-mock-maker. This will no longer work in future releases of the JDK. Please add Mockito as an agent to your build as described in Mockito's documentation: https://javadoc.io/doc/org.mockito/mockito-core/latest/org.mockito/org/mockito/Mockito.html#0.3
WARNING: A Java agent has been loaded dynamically (C:\Users\EMREBAYRAKTAR\.m2\repository\net\bytebuddy\byte-buddy-agent\1.17.6\byte-buddy-agent-1.17.6.jar)
WARNING: If a serviceability tool is in use, please run with -XX:+EnableDynamicAgentLoading to hide this warning
WARNING: If a serviceability tool is not in use, please run with -Djdk.instrument.traceUsage for more information
WARNING: Dynamic loading of agents will be disallowed by default in a future release
]]></system-err>
  </testcase>
</testsuite>